<?xml version="1.0" encoding="UTF-8"?>
<!-- Generated by org.testng.reporters.JUnitReportReporter -->
<testsuite hostname="DESKTOP-JEBEMV9" failures="0" tests="3" name="com.test.TestCases.TestCase2" time="0.013" errors="0" timestamp="2021-02-13T21:10:24 IST" skipped="0">
  <testcase classname="com.test.TestCases.TestCase2" name="Test1" time="0.002"/>
  <system-out/>
  <testcase classname="com.test.TestCases.TestCase2" name="Test2" time="0.009"/>
  <system-out/>
  <testcase classname="com.test.TestCases.TestCase2" name="Test3" time="0.002"/>
  <system-out/>
</testsuite> <!-- com.test.TestCases.TestCase2 -->
