<?xml version="1.0" encoding="UTF-8"?>
<!-- Generated by org.testng.reporters.JUnitReportReporter -->
<testsuite hostname="DESKTOP-JEBEMV9" failures="0" tests="2" name="com.test.TestCases.TestCase1" time="0.012" errors="0" timestamp="2021-02-13T21:10:24 IST" skipped="0">
  <testcase classname="com.test.TestCases.TestCase1" name="Test2" time="0.004"/>
  <system-out/>
  <testcase classname="com.test.TestCases.TestCase1" name="Test1" time="0.008"/>
  <system-out/>
</testsuite> <!-- com.test.TestCases.TestCase1 -->
